<?xml version="1.0" encoding="UTF-8"?>
<!-- Generated by org.testng.reporters.JUnitReportReporter -->
<testsuite hostname="LAPTOP-P5BM0TQ6" failures="0" tests="3" name="org.ball.SecondScript" time="7.435" errors="0" timestamp="2022-11-22T00:29:30 GMT-06:00" skipped="0">
  <testcase classname="org.ball.SecondScript" name="tc3" time="2.595"/>
  <system-out/>
  <testcase classname="org.ball.SecondScript" name="tc2" time="1.379"/>
  <system-out/>
  <testcase classname="org.ball.SecondScript" name="tc1" time="3.461"/>
  <system-out/>
</testsuite> <!-- org.ball.SecondScript -->
